
Turn 6
================================================================
warning: owned entities 9, 7 collided on cell (9, 16) as the result of moves on this turn
At command 1 of 5:
>>> 1   m 9 e
    2   m 7 o
    3   m 5 o


Turn 13
================================================================
warning: entity 5 was directed to use 9 halite to move north, but only 0 halite was available
At command 1 of 3:
>>> 1   m 5 n
    2   m 1 o
    3   m 3 o


Turn 18
================================================================
warning: entity 1 was directed to use 7 halite to move west, but only 0 halite was available
At command 1 of 4:
>>> 1   m 1 w
    2   m 10 n
    3   m 3 n


Turn 19
================================================================
warning: entity 10 was directed to use 9 halite to move west, but only 0 halite was available
At command 1 of 5:
>>> 1   m 10 w
    2   m 3 e
    3   m 1 e

warning: spawn on cell (8, 16) collided with owned entity 1 on that cell
At command 5 of 5:
    3   m 1 e
    4   m 5 o
>>> 5   g


Turn 31
================================================================
warning: entity 10 was directed to use 7 halite to move north, but only 0 halite was available
At command 1 of 3:
>>> 1   m 10 n
    2   m 3 o
    3   m 5 w


Turn 36
================================================================
warning: entity 3 was directed to use 7 halite to move north, but only 0 halite was available
At command 3 of 4:
    1   m 12 s
    2   m 5 e
>>> 3   m 3 n
    4   m 10 o


Turn 37
================================================================
warning: entity 12 was directed to use 7 halite to move west, but only 0 halite was available
At command 1 of 5:
>>> 1   m 12 w
    2   m 5 s
    3   m 3 n

warning: owned entities 5, 12 collided on cell (8, 17) as the result of moves on this turn
At command 2 of 5:
    1   m 12 w
>>> 2   m 5 s
    3   m 3 n
    4   m 10 o


Turn 39
================================================================
warning: entity 13 was directed to use 7 halite to move south, but only 0 halite was available
At command 1 of 3:
>>> 1   m 13 s
    2   m 3 o
    3   m 10 o


Turn 63
================================================================
warning: entity 10 was directed to use 5 halite to move west, but only 0 halite was available
At command 2 of 3:
    1   m 13 o
>>> 2   m 10 w
    3   m 3 w


Turn 65
================================================================
warning: owned entities 3, 10 collided on cell (9, 16) as the result of moves on this turn
At command 1 of 3:
>>> 1   m 3 w
    2   m 10 e
    3   m 13 o

Other commands that placed an entity on this cell:
    1   m 3 w
>>> 2   m 10 e
    3   m 13 o


Turn 81
================================================================
warning: entity 13 was directed to use 5 halite to move east, but only 0 halite was available
At command 2 of 2:
    1   m 17 n
>>> 2   m 13 e

warning: owned entities 17, 13 collided on cell (8, 15) as the result of moves on this turn
At command 1 of 2:
>>> 1   m 17 n
    2   m 13 e

