
Turn 3
================================================================
warning: entity 0 was directed to use 1 halite to move east, but only 0 halite was available
At command 2 of 3:
    1   m 2 w
>>> 2   m 0 e
    3   g


Turn 7
================================================================
warning: entity 4 was directed to use 4 halite to move east, but only 0 halite was available
At command 2 of 5:
    1   m 2 n
>>> 2   m 4 e
    3   m 6 w
    4   m 8 w

warning: entity 6 was directed to use 1 halite to move west, but only 0 halite was available
At command 3 of 5:
    1   m 2 n
    2   m 4 e
>>> 3   m 6 w
    4   m 8 w
    5   m 0 s

warning: entity 8 was directed to use 7 halite to move west, but only 0 halite was available
At command 4 of 5:
    2   m 4 e
    3   m 6 w
>>> 4   m 8 w
    5   m 0 s


Turn 9
================================================================
warning: entity 2 was directed to use 4 halite to move east, but only 0 halite was available
At command 3 of 5:
    1   m 6 e
    2   m 4 o
>>> 3   m 2 e
    4   m 8 o
    5   m 0 w


Turn 10
================================================================
warning: entity 0 was directed to use 5 halite to move east, but only 0 halite was available
At command 1 of 5:
>>> 1   m 0 e
    2   m 6 n
    3   m 4 s


Turn 11
================================================================
warning: entity 6 was directed to use 1 halite to move west, but only 0 halite was available
At command 2 of 5:
    1   m 4 o
>>> 2   m 6 w
    3   m 2 e
    4   m 0 s


Turn 13
================================================================
warning: entity 2 was directed to use 6 halite to move south, but only 4 halite was available
At command 2 of 5:
    1   m 6 s
>>> 2   m 2 s
    3   m 8 o
    4   m 0 o


Turn 14
================================================================
warning: entity 6 was directed to use 3 halite to move north, but only 1 halite was available
At command 2 of 5:
    1   m 4 o
>>> 2   m 6 n
    3   m 2 n
    4   m 8 s


Turn 17
================================================================
warning: entity 6 was directed to use 8 halite to move east, but only 6 halite was available
At command 3 of 5:
    1   m 8 w
    2   m 0 s
>>> 3   m 6 e
    4   m 2 o
    5   m 4 n


Turn 32
================================================================
warning: entity 6 was directed to use 2 halite to move west, but only 0 halite was available
At command 2 of 5:
    1   m 2 n
>>> 2   m 6 w
    3   m 4 e
    4   m 8 o


Turn 57
================================================================
warning: entity 8 was directed to use 1 halite to move south, but only 0 halite was available
At command 3 of 5:
    1   m 2 w
    2   m 0 n
>>> 3   m 8 s
    4   m 6 w
    5   m 4 s


Turn 59
================================================================
warning: entity 8 was directed to use 5 halite to move west, but only 3 halite was available
At command 3 of 5:
    1   m 4 s
    2   m 0 n
>>> 3   m 8 w
    4   m 2 o
    5   m 6 o


Turn 62
================================================================
warning: entity 0 was directed to use 3 halite to move north, but only 0 halite was available
At command 1 of 6:
>>> 1   m 0 n
    2   m 10 e
    3   m 8 n


Turn 65
================================================================
warning: entity 10 was directed to use 8 halite to move west, but only 0 halite was available
At command 5 of 6:
    3   m 0 n
    4   m 6 s
>>> 5   m 10 w
    6   m 2 o


Turn 69
================================================================
warning: entity 10 was directed to use 5 halite to move south, but only 3 halite was available
At command 1 of 6:
>>> 1   m 10 s
    2   m 8 n
    3   m 2 o


Turn 70
================================================================
warning: entity 8 was directed to use 3 halite to move west, but only 1 halite was available
At command 2 of 6:
    1   m 4 s
>>> 2   m 8 w
    3   m 0 n
    4   m 10 w


Turn 73
================================================================
warning: entity 0 was directed to use 6 halite to move west, but only 5 halite was available
At command 2 of 6:
    1   m 4 n
>>> 2   m 0 w
    3   m 10 n
    4   m 8 w

warning: entity 10 was directed to use 8 halite to move north, but only 1 halite was available
At command 3 of 6:
    1   m 4 n
    2   m 0 w
>>> 3   m 10 n
    4   m 8 w
    5   m 2 w

warning: entity 8 was directed to use 9 halite to move west, but only 2 halite was available
At command 4 of 6:
    2   m 0 w
    3   m 10 n
>>> 4   m 8 w
    5   m 2 w
    6   m 6 s


Turn 78
================================================================
warning: entity 0 was directed to use 6 halite to move north, but only 1 halite was available
At command 2 of 6:
    1   m 2 o
>>> 2   m 0 n
    3   m 6 n
    4   m 8 e

warning: entity 10 was directed to use 5 halite to move west, but only 1 halite was available
At command 5 of 6:
    3   m 6 n
    4   m 8 e
>>> 5   m 10 w
    6   m 4 o


Turn 80
================================================================
warning: entity 8 was directed to use 3 halite to move east, but only 1 halite was available
At command 4 of 6:
    2   m 0 e
    3   m 2 w
>>> 4   m 8 e
    5   m 6 s
    6   m 4 s


Turn 83
================================================================
warning: entity 0 was directed to use 5 halite to move north, but only 3 halite was available
At command 5 of 6:
    3   m 6 e
    4   m 10 n
>>> 5   m 0 n
    6   m 8 n


Turn 84
================================================================
warning: entity 8 was directed to use 4 halite to move north, but only 3 halite was available
At command 1 of 6:
>>> 1   m 8 n
    2   m 6 e
    3   m 4 w

warning: entity 10 was directed to use 6 halite to move north, but only 1 halite was available
At command 4 of 6:
    2   m 6 e
    3   m 4 w
>>> 4   m 10 n
    5   m 2 n
    6   m 0 n


Turn 89
================================================================
warning: entity 0 was directed to use 5 halite to move west, but only 2 halite was available
At command 2 of 6:
    1   m 2 e
>>> 2   m 0 w
    3   m 8 n
    4   m 6 n

warning: entity 8 was directed to use 7 halite to move north, but only 0 halite was available
At command 3 of 6:
    1   m 2 e
    2   m 0 w
>>> 3   m 8 n
    4   m 6 n
    5   m 10 w


Turn 92
================================================================
warning: entity 10 was directed to use 4 halite to move south, but only 1 halite was available
At command 3 of 6:
    1   m 2 e
    2   m 0 w
>>> 3   m 10 s
    4   m 8 s
    5   m 6 s

warning: owned entities 0, 10 collided on cell (27, 16) as the result of moves on this turn
At command 2 of 6:
    1   m 2 e
>>> 2   m 0 w
    3   m 10 s
    4   m 8 s


Turn 93
================================================================
warning: entity 8 was directed to use 7 halite to move east, but only 0 halite was available
At command 3 of 4:
    1   m 6 e
    2   m 4 o
>>> 3   m 8 e
    4   m 2 w


Turn 98
================================================================
warning: entity 8 was directed to use 8 halite to move south, but only 6 halite was available
At command 4 of 4:
    2   m 6 n
    3   m 2 s
>>> 4   m 8 s


Turn 139
================================================================
warning: entity 6 was directed to use 9 halite to move west, but only 0 halite was available
At command 1 of 5:
>>> 1   m 6 w
    2   m 13 e
    3   m 4 e


Turn 143
================================================================
warning: entity 6 was directed to use 6 halite to move west, but only 2 halite was available
At command 3 of 5:
    1   m 4 w
    2   m 13 s
>>> 3   m 6 w
    4   m 8 o
    5   m 2 o


Turn 145
================================================================
warning: entity 13 was directed to use 4 halite to move north, but only 0 halite was available
At command 5 of 5:
    3   m 8 s
    4   m 6 n
>>> 5   m 13 n


Turn 146
================================================================
warning: entity 6 was directed to use 9 halite to move south, but only 5 halite was available
At command 4 of 5:
    2   m 8 w
    3   m 2 o
>>> 4   m 6 s
    5   m 13 e


Turn 155
================================================================
warning: entity 13 was directed to use 9 halite to move south, but only 6 halite was available
At command 2 of 5:
    1   m 2 s
>>> 2   m 13 s
    3   m 6 n
    4   m 8 e


Turn 159
================================================================
warning: entity 6 was directed to use 9 halite to move west, but only 6 halite was available
At command 2 of 5:
    1   m 8 s
>>> 2   m 6 w
    3   m 13 e
    4   m 4 s


Turn 161
================================================================
warning: entity 13 was directed to use 3 halite to move south, but only 1 halite was available
At command 4 of 6:
    2   m 8 n
    3   m 6 n
>>> 4   m 13 s
    5   m 2 n
    6   m 4 s


Turn 164
================================================================
warning: entity 6 was directed to use 7 halite to move east, but only 1 halite was available
At command 5 of 6:
    3   m 15 w
    4   m 2 s
>>> 5   m 6 e
    6   m 13 w

warning: entity 13 was directed to use 5 halite to move west, but only 2 halite was available
At command 6 of 6:
    4   m 2 s
    5   m 6 e
>>> 6   m 13 w


Turn 165
================================================================
warning: entity 15 was directed to use 2 halite to move south, but only 0 halite was available
At command 3 of 5:
    1   m 2 s
    2   m 8 e
>>> 3   m 15 s
    4   m 6 s
    5   m 13 n


Turn 167
================================================================
warning: entity 2 was directed to use 1 halite to move west, but only 0 halite was available
At command 3 of 5:
    1   m 6 n
    2   m 13 n
>>> 3   m 2 w
    4   m 8 e
    5   m 15 w


Turn 168
================================================================
warning: entity 15 was directed to use 5 halite to move west, but only 2 halite was available
At command 1 of 5:
>>> 1   m 15 w
    2   m 8 s
    3   m 6 s

warning: entity 6 was directed to use 5 halite to move south, but only 2 halite was available
At command 3 of 5:
    1   m 15 w
    2   m 8 s
>>> 3   m 6 s
    4   m 13 s
    5   m 2 w

warning: entity 13 was directed to use 8 halite to move south, but only 2 halite was available
At command 4 of 5:
    2   m 8 s
    3   m 6 s
>>> 4   m 13 s
    5   m 2 w


Turn 171
================================================================
warning: entity 2 was directed to use 5 halite to move east, but only 0 halite was available
At command 1 of 5:
>>> 1   m 2 e
    2   m 6 o
    3   m 13 e


Turn 172
================================================================
warning: entity 15 was directed to use 5 halite to move south, but only 1 halite was available
At command 4 of 5:
    2   m 13 n
    3   m 6 o
>>> 4   m 15 s
    5   m 8 o


Turn 174
================================================================
warning: entity 13 was directed to use 4 halite to move east, but only 2 halite was available
At command 1 of 5:
>>> 1   m 13 e
    2   m 6 e
    3   m 2 w

warning: entity 2 was directed to use 7 halite to move west, but only 3 halite was available
At command 3 of 5:
    1   m 13 e
    2   m 6 e
>>> 3   m 2 w
    4   m 15 s
    5   m 8 o


Turn 177
================================================================
warning: entity 15 was directed to use 4 halite to move east, but only 2 halite was available
At command 4 of 5:
    2   m 13 s
    3   m 6 s
>>> 4   m 15 e
    5   m 8 o


Turn 178
================================================================
warning: entity 2 was directed to use 9 halite to move north, but only 4 halite was available
At command 1 of 5:
>>> 1   m 2 n
    2   m 6 n
    3   m 13 e


Turn 181
================================================================
warning: entity 15 was directed to use 7 halite to move north, but only 6 halite was available
At command 5 of 5:
    3   m 6 s
    4   m 8 n
>>> 5   m 15 n


Turn 182
================================================================
warning: entity 6 was directed to use 9 halite to move east, but only 1 halite was available
At command 2 of 5:
    1   m 2 s
>>> 2   m 6 e
    3   m 13 w
    4   m 8 e


Turn 183
================================================================
warning: entity 2 was directed to use 6 halite to move west, but only 1 halite was available
At command 1 of 5:
>>> 1   m 2 w
    2   m 15 w
    3   m 8 n

warning: entity 13 was directed to use 2 halite to move east, but only 0 halite was available
At command 4 of 5:
    2   m 15 w
    3   m 8 n
>>> 4   m 13 e
    5   m 6 e


Turn 185
================================================================
warning: entity 13 was directed to use 7 halite to move east, but only 6 halite was available
At command 1 of 5:
>>> 1   m 13 e
    2   m 6 n
    3   m 2 o


Turn 186
================================================================
warning: entity 15 was directed to use 8 halite to move east, but only 5 halite was available
At command 1 of 5:
>>> 1   m 15 e
    2   m 8 w
    3   m 6 s

warning: entity 6 was directed to use 8 halite to move south, but only 3 halite was available
At command 3 of 5:
    1   m 15 e
    2   m 8 w
>>> 3   m 6 s
    4   m 13 e
    5   m 2 e


Turn 190
================================================================
warning: entity 6 was directed to use 7 halite to move east, but only 5 halite was available
At command 2 of 5:
    1   m 13 e
>>> 2   m 6 e
    3   m 8 n
    4   m 15 w


Turn 192
================================================================
warning: entity 15 was directed to use 4 halite to move north, but only 1 halite was available
At command 2 of 5:
    1   m 8 o
>>> 2   m 15 n
    3   m 13 e
    4   m 6 o


Turn 195
================================================================
warning: entity 15 was directed to use 7 halite to move south, but only 4 halite was available
At command 4 of 5:
    2   m 13 n
    3   m 2 w
>>> 4   m 15 s
    5   m 8 o


Turn 199
================================================================
warning: entity 13 was directed to use 2 halite to move north, but only 1 halite was available
At command 4 of 5:
    2   m 15 s
    3   m 8 e
>>> 4   m 13 n
    5   m 6 o


Turn 201
================================================================
warning: entity 13 was directed to use 8 halite to move north, but only 6 halite was available
At command 1 of 5:
>>> 1   m 13 n
    2   m 6 o
    3   m 2 o

warning: entity 15 was directed to use 5 halite to move east, but only 0 halite was available
At command 4 of 5:
    2   m 6 o
    3   m 2 o
>>> 4   m 15 e
    5   m 8 s


Turn 205
================================================================
warning: entity 15 was directed to use 5 halite to move east, but only 1 halite was available
At command 2 of 5:
    1   m 8 w
>>> 2   m 15 e
    3   m 2 n
    4   m 13 s


Turn 209
================================================================
warning: entity 15 was directed to use 3 halite to move east, but only 1 halite was available
At command 1 of 5:
>>> 1   m 15 e
    2   m 8 w
    3   m 2 e


Turn 210
================================================================
warning: entity 13 was directed to use 6 halite to move west, but only 1 halite was available
At command 4 of 5:
    2   m 8 s
    3   m 15 n
>>> 4   m 13 w
    5   m 6 w


Turn 213
================================================================
warning: entity 15 was directed to use 5 halite to move east, but only 3 halite was available
At command 4 of 5:
    2   m 13 e
    3   m 2 n
>>> 4   m 15 e
    5   m 8 e


Turn 230
================================================================
warning: entity 6 was directed to use 2 halite to move north, but only 0 halite was available
At command 2 of 5:
    1   m 13 n
>>> 2   m 6 n
    3   m 8 e
    4   m 15 n


Turn 233
================================================================
warning: entity 13 was directed to use 1 halite to move north, but only 0 halite was available
At command 1 of 5:
>>> 1   m 13 n
    2   m 6 n
    3   m 8 s

warning: entity 15 was directed to use 3 halite to move west, but only 0 halite was available
At command 4 of 5:
    2   m 6 n
    3   m 8 s
>>> 4   m 15 w
    5   m 2 w


Turn 235
================================================================
warning: entity 6 was directed to use 6 halite to move north, but only 0 halite was available
At command 5 of 5:
    3   m 8 n
    4   m 13 s
>>> 5   m 6 n


Turn 238
================================================================
warning: entity 13 was directed to use 5 halite to move south, but only 2 halite was available
At command 4 of 5:
    2   m 15 e
    3   m 2 s
>>> 4   m 13 s
    5   m 6 s

warning: owned entities 6, 13 collided on cell (24, 14) as the result of moves on this turn
At command 5 of 5:
    3   m 2 s
    4   m 13 s
>>> 5   m 6 s


Turn 241
================================================================
warning: entity 15 was directed to use 1 halite to move west, but only 0 halite was available
At command 2 of 3:
    1   m 8 e
>>> 2   m 15 w
    3   m 2 o


Turn 312
================================================================
warning: entity 2 was directed to use 3 halite to move south, but only 0 halite was available
At command 2 of 2:
    1   m 8 w
>>> 2   m 2 s


Turn 321
================================================================
warning: entity 2 was directed to use 2 halite to move north, but only 1 halite was available
At command 2 of 2:
    1   m 8 n
>>> 2   m 2 n


Turn 340
================================================================
warning: entity 2 was directed to use 1 halite to move east, but only 0 halite was available
At command 1 of 2:
>>> 1   m 2 e
    2   m 8 n


Turn 343
================================================================
warning: entity 2 was directed to use 3 halite to move south, but only 1 halite was available
At command 2 of 2:
    1   m 8 s
>>> 2   m 2 s


Turn 346
================================================================
warning: entity 2 was directed to use 8 halite to move south, but only 1 halite was available
At command 2 of 2:
    1   m 8 s
>>> 2   m 2 s


Turn 350
================================================================
warning: entity 2 was directed to use 6 halite to move west, but only 3 halite was available
At command 1 of 2:
>>> 1   m 2 w
    2   m 8 o


Turn 354
================================================================
warning: entity 2 was directed to use 9 halite to move north, but only 6 halite was available
At command 1 of 2:
>>> 1   m 2 n
    2   m 8 o


Turn 359
================================================================
warning: entity 2 was directed to use 8 halite to move east, but only 6 halite was available
At command 1 of 2:
>>> 1   m 2 e
    2   m 8 s


Turn 372
================================================================
warning: entity 2 was directed to use 1 halite to move south, but only 0 halite was available
At command 2 of 2:
    1   m 8 s
>>> 2   m 2 s


Turn 383
================================================================
warning: entity 2 was directed to use 1 halite to move north, but only 0 halite was available
At command 2 of 2:
    1   m 8 s
>>> 2   m 2 n


Turn 385
================================================================
warning: entity 2 was directed to use 5 halite to move west, but only 4 halite was available
At command 1 of 2:
>>> 1   m 2 w
    2   m 8 w


Turn 386
================================================================
warning: entity 8 was directed to use 4 halite to move south, but only 0 halite was available
At command 1 of 2:
>>> 1   m 8 s
    2   m 2 e


Turn 393
================================================================
warning: entity 8 was directed to use 2 halite to move north, but only 0 halite was available
At command 1 of 2:
>>> 1   m 8 n
    2   m 2 n


Turn 397
================================================================
warning: entity 8 was directed to use 4 halite to move north, but only 1 halite was available
At command 2 of 2:
    1   m 2 s
>>> 2   m 8 n


Turn 400
================================================================
warning: entity 8 was directed to use 3 halite to move south, but only 2 halite was available
At command 1 of 2:
>>> 1   m 8 s
    2   m 2 e

