
Turn 3
================================================================
warning: owned entities 2, 0 collided on cell (23, 15) as the result of moves on this turn
At command 1 of 3:
>>> 1   m 2 n
    2   m 0 o
    3   g


Turn 5
================================================================
warning: owned entities 6, 4 collided on cell (22, 16) as the result of moves on this turn
At command 1 of 3:
>>> 1   m 6 w
    2   m 4 o
    3   g


Turn 35
================================================================
warning: entity 8 was directed to use 7 halite to move north, but only 0 halite was available
At command 2 of 2:
    1   m 11 e
>>> 2   m 8 n


Turn 57
================================================================
warning: entity 14 was directed to use 5 halite to move north, but only 0 halite was available
At command 2 of 3:
    1   m 8 o
>>> 2   m 14 n
    3   m 11 o


Turn 73
================================================================
warning: entity 8 was directed to use 7 halite to move south, but only 0 halite was available
At command 3 of 4:
    1   m 11 s
    2   m 15 w
>>> 3   m 8 s
    4   m 14 o


Turn 74
================================================================
warning: entity 15 was directed to use 4 halite to move east, but only 0 halite was available
At command 2 of 4:
    1   m 11 s
>>> 2   m 15 e
    3   m 8 e
    4   m 14 o


Turn 76
================================================================
warning: entity 11 was directed to use 7 halite to move north, but only 0 halite was available
At command 2 of 5:
    1   m 16 n
>>> 2   m 11 n
    3   m 8 e
    4   m 15 w

warning: entity 8 was directed to use 9 halite to move east, but only 6 halite was available
At command 3 of 5:
    1   m 16 n
    2   m 11 n
>>> 3   m 8 e
    4   m 15 w
    5   m 14 w

warning: owned entities 16, 11 collided on cell (23, 15) as the result of moves on this turn
At command 1 of 5:
>>> 1   m 16 n
    2   m 11 n
    3   m 8 e


Turn 81
================================================================
warning: entity 8 was directed to use 5 halite to move east, but only 1 halite was available
At command 1 of 3:
>>> 1   m 8 e
    2   m 15 o
    3   m 14 s

