
Turn 3
================================================================
warning: entity 0 was directed to use 8 halite to move east, but only 0 halite was available
At command 1 of 2:
>>> 1   m 0 e
    2   g


Turn 5
================================================================
warning: entity 2 was directed to use 1 halite to move north, but only 0 halite was available
At command 2 of 3:
    1   m 0 o
>>> 2   m 2 n
    3   g


Turn 7
================================================================
warning: entity 2 was directed to use 9 halite to move west, but only 3 halite was available
At command 1 of 4:
>>> 1   m 2 w
    2   m 4 s
    3   m 0 o

warning: entity 4 was directed to use 1 halite to move south, but only 0 halite was available
At command 2 of 4:
    1   m 2 w
>>> 2   m 4 s
    3   m 0 o
    4   g


Turn 8
================================================================
warning: owned entities 6, 2 collided on cell (23, 15) as the result of moves on this turn
At command 1 of 4:
>>> 1   m 6 n
    2   m 2 s
    3   m 4 n

Other commands that placed an entity on this cell:
    1   m 6 n
>>> 2   m 2 s
    3   m 4 n
    4   m 0 o


Turn 9
================================================================
warning: entity 4 was directed to use 6 halite to move south, but only 3 halite was available
At command 1 of 3:
>>> 1   m 4 s
    2   m 0 n
    3   g


Turn 11
================================================================
warning: entity 8 was directed to use 1 halite to move west, but only 0 halite was available
At command 2 of 3:
    1   m 0 w
>>> 2   m 8 w
    3   m 4 s


Turn 13
================================================================
warning: entity 8 was directed to use 8 halite to move south, but only 4 halite was available
At command 1 of 3:
>>> 1   m 8 s
    2   m 4 e
    3   m 0 o


Turn 14
================================================================
warning: owned entities 8, 0 collided on cell (21, 17) as the result of moves on this turn
At command 2 of 3:
    1   m 4 o
>>> 2   m 8 w
    3   m 0 o

