
Turn 4
================================================================
warning: entity 2 was directed to use 5 halite to move west, but only 0 halite was available
At command 2 of 4:
    1   m 4 s
>>> 2   m 2 w
    3   m 0 w
    4   g

warning: entity 0 was directed to use 3 halite to move west, but only 0 halite was available
At command 3 of 4:
    1   m 4 s
    2   m 2 w
>>> 3   m 0 w
    4   g

warning: owned entities 4, 2 collided on cell (23, 17) as the result of moves on this turn
At command 1 of 4:
>>> 1   m 4 s
    2   m 2 w
    3   m 0 w


Turn 6
================================================================
warning: entity 6 was directed to use 9 halite to move east, but only 0 halite was available
At command 3 of 3:
    1   m 8 s
    2   m 0 e
>>> 3   m 6 e


Turn 7
================================================================
warning: entity 8 was directed to use 5 halite to move west, but only 0 halite was available
At command 2 of 3:
    1   m 0 e
>>> 2   m 8 w
    3   m 6 w


Turn 11
================================================================
warning: entity 6 was directed to use 7 halite to move south, but only 6 halite was available
At command 2 of 3:
    1   m 0 n
>>> 2   m 6 s
    3   m 8 e


Turn 14
================================================================
warning: entity 6 was directed to use 1 halite to move west, but only 0 halite was available
At command 1 of 3:
>>> 1   m 6 w
    2   m 0 o
    3   m 8 e


Turn 18
================================================================
warning: entity 6 was directed to use 1 halite to move south, but only 0 halite was available
At command 1 of 3:
>>> 1   m 6 s
    2   m 0 s
    3   m 8 n


Turn 19
================================================================
warning: owned entities 0, 8 collided on cell (27, 18) as the result of moves on this turn
At command 1 of 3:
>>> 1   m 0 s
    2   m 8 o
    3   m 6 n


Turn 21
================================================================
warning: entity 6 was directed to use 2 halite to move north, but only 1 halite was available
At command 1 of 1:
>>> 1   m 6 n


Turn 27
================================================================
warning: entity 6 was directed to use 6 halite to move east, but only 0 halite was available
At command 1 of 1:
>>> 1   m 6 e

