
Turn 3
================================================================
warning: entity 1 was directed to use 1 halite to move east, but only 0 halite was available
At command 1 of 2:
>>> 1   m 1 e
    2   g


Turn 5
================================================================
warning: entity 3 was directed to use 8 halite to move north, but only 0 halite was available
At command 2 of 3:
    1   m 1 o
>>> 2   m 3 n
    3   g


Turn 7
================================================================
warning: entity 5 was directed to use 1 halite to move north, but only 0 halite was available
At command 1 of 3:
>>> 1   m 5 n
    2   m 3 e
    3   m 1 o


Turn 8
================================================================
warning: entity 3 was directed to use 6 halite to move south, but only 0 halite was available
At command 1 of 4:
>>> 1   m 3 s
    2   m 5 w
    3   m 1 n


Turn 10
================================================================
warning: entity 7 was directed to use 1 halite to move west, but only 0 halite was available
At command 1 of 5:
>>> 1   m 7 w
    2   m 5 s
    3   m 3 s

warning: entity 5 was directed to use 6 halite to move south, but only 0 halite was available
At command 2 of 5:
    1   m 7 w
>>> 2   m 5 s
    3   m 3 s
    4   m 1 o


Turn 11
================================================================
warning: entity 3 was directed to use 4 halite to move east, but only 2 halite was available
At command 2 of 5:
    1   m 9 n
>>> 2   m 3 e
    3   m 7 e
    4   m 5 w


Turn 12
================================================================
warning: entity 7 was directed to use 9 halite to move west, but only 3 halite was available
At command 1 of 5:
>>> 1   m 7 w
    2   m 9 n
    3   m 5 e


Turn 13
================================================================
warning: entity 9 was directed to use 9 halite to move east, but only 0 halite was available
At command 1 of 5:
>>> 1   m 9 e
    2   m 5 s
    3   m 3 w

warning: entity 5 was directed to use 4 halite to move south, but only 3 halite was available
At command 2 of 5:
    1   m 9 e
>>> 2   m 5 s
    3   m 3 w
    4   m 7 w


Turn 16
================================================================
warning: entity 7 was directed to use 3 halite to move east, but only 0 halite was available
At command 3 of 5:
    1   m 9 o
    2   m 5 o
>>> 3   m 7 e
    4   m 1 o
    5   m 3 o


Turn 18
================================================================
warning: owned entities 1, 9 collided on cell (7, 15) as the result of moves on this turn
At command 4 of 5:
    2   m 9 o
    3   m 5 s
>>> 4   m 1 s
    5   m 3 e


Turn 19
================================================================
warning: entity 7 was directed to use 2 halite to move north, but only 1 halite was available
At command 2 of 3:
    1   m 5 o
>>> 2   m 7 n
    3   m 3 s


Turn 20
================================================================
warning: entity 3 was directed to use 1 halite to move north, but only 0 halite was available
At command 1 of 3:
>>> 1   m 3 n
    2   m 5 o
    3   m 7 w


Turn 22
================================================================
warning: entity 7 was directed to use 1 halite to move east, but only 0 halite was available
At command 1 of 3:
>>> 1   m 7 e
    2   m 3 o
    3   m 5 o


Turn 23
================================================================
warning: owned entities 7, 3 collided on cell (9, 17) as the result of moves on this turn
At command 1 of 3:
>>> 1   m 7 s
    2   m 3 o
    3   m 5 o

