
Turn 4
================================================================
warning: entity 1 was directed to use 3 halite to move north, but only 0 halite was available
At command 2 of 4:
    1   m 5 w
>>> 2   m 1 n
    3   m 3 w
    4   g

warning: owned entities 3, 1 collided on cell (7, 15) as the result of moves on this turn
At command 3 of 4:
    1   m 5 w
    2   m 1 n
>>> 3   m 3 w
    4   g


Turn 7
================================================================
warning: entity 7 was directed to use 1 halite to move south, but only 0 halite was available
At command 2 of 3:
    1   m 9 o
>>> 2   m 7 s
    3   m 5 w

warning: entity 5 was directed to use 4 halite to move west, but only 0 halite was available
At command 3 of 3:
    1   m 9 o
    2   m 7 s
>>> 3   m 5 w


Turn 11
================================================================
warning: entity 7 was directed to use 3 halite to move north, but only 0 halite was available
At command 1 of 3:
>>> 1   m 7 n
    2   m 9 s
    3   m 5 w

warning: entity 9 was directed to use 7 halite to move south, but only 0 halite was available
At command 2 of 3:
    1   m 7 n
>>> 2   m 9 s
    3   m 5 w


Turn 14
================================================================
warning: entity 5 was directed to use 2 halite to move north, but only 0 halite was available
At command 2 of 3:
    1   m 7 o
>>> 2   m 5 n
    3   m 9 n


Turn 15
================================================================
warning: entity 9 was directed to use 1 halite to move north, but only 0 halite was available
At command 1 of 3:
>>> 1   m 9 n
    2   m 7 e
    3   m 5 w


Turn 18
================================================================
warning: entity 9 was directed to use 4 halite to move east, but only 1 halite was available
At command 2 of 3:
    1   m 7 w
>>> 2   m 9 e
    3   m 5 n

warning: entity 5 was directed to use 2 halite to move north, but only 1 halite was available
At command 3 of 3:
    1   m 7 w
    2   m 9 e
>>> 3   m 5 n


Turn 21
================================================================
warning: entity 7 was directed to use 6 halite to move north, but only 1 halite was available
At command 1 of 3:
>>> 1   m 7 n
    2   m 9 o
    3   m 5 s


Turn 22
================================================================
warning: entity 5 was directed to use 8 halite to move south, but only 0 halite was available
At command 1 of 3:
>>> 1   m 5 s
    2   m 7 e
    3   m 9 o


Turn 26
================================================================
warning: entity 5 was directed to use 3 halite to move west, but only 2 halite was available
At command 1 of 3:
>>> 1   m 5 w
    2   m 9 n
    3   m 7 o

warning: entity 9 was directed to use 1 halite to move north, but only 0 halite was available
At command 2 of 3:
    1   m 5 w
>>> 2   m 9 n
    3   m 7 o


Turn 28
================================================================
warning: entity 9 was directed to use 8 halite to move south, but only 3 halite was available
At command 1 of 3:
>>> 1   m 9 s
    2   m 5 w
    3   m 7 o


Turn 30
================================================================
warning: entity 5 was directed to use 6 halite to move west, but only 4 halite was available
At command 2 of 3:
    1   m 9 s
>>> 2   m 5 w
    3   m 7 o


Turn 36
================================================================
warning: entity 5 was directed to use 3 halite to move south, but only 2 halite was available
At command 1 of 3:
>>> 1   m 5 s
    2   m 7 o
    3   m 9 w


Turn 75
================================================================
warning: entity 5 was directed to use 5 halite to move south, but only 0 halite was available
At command 2 of 4:
    1   m 11 n
>>> 2   m 5 s
    3   m 9 e
    4   m 7 o


Turn 77
================================================================
warning: entity 11 was directed to use 3 halite to move north, but only 0 halite was available
At command 2 of 4:
    1   m 9 e
>>> 2   m 11 n
    3   m 7 w
    4   m 5 n


Turn 78
================================================================
warning: entity 5 was directed to use 8 halite to move west, but only 2 halite was available
At command 3 of 4:
    1   m 9 w
    2   m 7 o
>>> 3   m 5 w
    4   m 11 w


Turn 82
================================================================
warning: entity 5 was directed to use 9 halite to move west, but only 6 halite was available
At command 2 of 4:
    1   m 9 n
>>> 2   m 5 w
    3   m 11 w
    4   m 7 w

warning: entity 11 was directed to use 7 halite to move west, but only 2 halite was available
At command 3 of 4:
    1   m 9 n
    2   m 5 w
>>> 3   m 11 w
    4   m 7 w


Turn 86
================================================================
warning: entity 7 was directed to use 4 halite to move north, but only 0 halite was available
At command 2 of 4:
    1   m 9 n
>>> 2   m 7 n
    3   m 5 e
    4   m 11 o


Turn 88
================================================================
warning: entity 5 was directed to use 4 halite to move west, but only 3 halite was available
At command 3 of 4:
    1   m 9 s
    2   m 11 o
>>> 3   m 5 w
    4   m 7 s


Turn 89
================================================================
warning: entity 7 was directed to use 9 halite to move south, but only 2 halite was available
At command 2 of 4:
    1   m 9 e
>>> 2   m 7 s
    3   m 11 o
    4   m 5 w


Turn 92
================================================================
warning: entity 5 was directed to use 6 halite to move south, but only 4 halite was available
At command 1 of 4:
>>> 1   m 5 s
    2   m 7 e
    3   m 9 s


Turn 98
================================================================
warning: entity 5 was directed to use 1 halite to move east, but only 0 halite was available
At command 1 of 4:
>>> 1   m 5 e
    2   m 11 n
    3   m 9 e


Turn 105
================================================================
warning: entity 9 was directed to use 8 halite to move west, but only 2 halite was available
At command 3 of 5:
    1   m 11 e
    2   m 7 w
>>> 3   m 9 w
    4   m 12 e
    5   m 5 o

warning: entity 12 was directed to use 1 halite to move east, but only 0 halite was available
At command 4 of 5:
    2   m 7 w
    3   m 9 w
>>> 4   m 12 e
    5   m 5 o


Turn 106
================================================================
warning: entity 7 was directed to use 3 halite to move south, but only 0 halite was available
At command 2 of 5:
    1   m 11 s
>>> 2   m 7 s
    3   m 9 n
    4   m 12 n


Turn 109
================================================================
warning: entity 12 was directed to use 7 halite to move west, but only 3 halite was available
At command 4 of 5:
    2   m 7 e
    3   m 9 o
>>> 4   m 12 w
    5   m 5 w


Turn 110
================================================================
warning: entity 7 was directed to use 5 halite to move east, but only 3 halite was available
At command 2 of 5:
    1   m 11 o
>>> 2   m 7 e
    3   m 9 n
    4   m 5 e


Turn 113
================================================================
warning: entity 7 was directed to use 8 halite to move south, but only 4 halite was available
At command 3 of 5:
    1   m 5 e
    2   m 12 n
>>> 3   m 7 s
    4   m 11 n
    5   m 9 s


Turn 123
================================================================
warning: entity 7 was directed to use 2 halite to move north, but only 0 halite was available
At command 2 of 5:
    1   m 11 s
>>> 2   m 7 n
    3   m 12 e
    4   m 5 e


Turn 124
================================================================
warning: entity 12 was directed to use 3 halite to move south, but only 0 halite was available
At command 2 of 5:
    1   m 11 o
>>> 2   m 12 s
    3   m 5 n
    4   m 7 e


Turn 127
================================================================
warning: entity 7 was directed to use 2 halite to move east, but only 1 halite was available
At command 1 of 5:
>>> 1   m 7 e
    2   m 5 w
    3   m 12 e

warning: entity 12 was directed to use 5 halite to move east, but only 0 halite was available
At command 3 of 5:
    1   m 7 e
    2   m 5 w
>>> 3   m 12 e
    4   m 9 o
    5   m 11 o


Turn 129
================================================================
warning: entity 7 was directed to use 8 halite to move west, but only 6 halite was available
At command 3 of 5:
    1   m 5 e
    2   m 12 s
>>> 3   m 7 w
    4   m 11 o
    5   m 9 o


Turn 131
================================================================
warning: entity 12 was directed to use 7 halite to move west, but only 1 halite was available
At command 2 of 5:
    1   m 5 o
>>> 2   m 12 w
    3   m 7 n
    4   m 11 o


Turn 134
================================================================
warning: entity 12 was directed to use 8 halite to move north, but only 6 halite was available
At command 2 of 5:
    1   m 5 o
>>> 2   m 12 n
    3   m 7 e
    4   m 9 s


Turn 142
================================================================
warning: entity 11 was directed to use 2 halite to move south, but only 0 halite was available
At command 3 of 5:
    1   m 9 s
    2   m 7 e
>>> 3   m 11 s
    4   m 5 w
    5   m 12 e


Turn 146
================================================================
warning: entity 7 was directed to use 7 halite to move south, but only 4 halite was available
At command 2 of 5:
    1   m 11 e
>>> 2   m 7 s
    3   m 12 n
    4   m 5 s


Turn 150
================================================================
warning: entity 11 was directed to use 1 halite to move east, but only 0 halite was available
At command 1 of 6:
>>> 1   m 11 e
    2   m 9 w
    3   m 5 e


Turn 151
================================================================
warning: entity 9 was directed to use 2 halite to move south, but only 0 halite was available
At command 1 of 6:
>>> 1   m 9 s
    2   m 5 n
    3   m 12 e


Turn 153
================================================================
warning: entity 11 was directed to use 8 halite to move east, but only 1 halite was available
At command 3 of 6:
    1   m 12 s
    2   m 5 e
>>> 3   m 11 e
    4   m 9 w
    5   m 14 n

warning: entity 14 was directed to use 2 halite to move north, but only 0 halite was available
At command 5 of 6:
    3   m 11 e
    4   m 9 w
>>> 5   m 14 n
    6   m 7 o


Turn 158
================================================================
warning: entity 14 was directed to use 3 halite to move north, but only 0 halite was available
At command 5 of 6:
    3   m 12 s
    4   m 5 o
>>> 5   m 14 n
    6   m 7 o


Turn 161
================================================================
warning: entity 9 was directed to use 9 halite to move east, but only 5 halite was available
At command 2 of 6:
    1   m 11 n
>>> 2   m 9 e
    3   m 12 n
    4   m 5 e


Turn 164
================================================================
warning: entity 14 was directed to use 8 halite to move south, but only 0 halite was available
At command 4 of 6:
    2   m 12 o
    3   m 5 o
>>> 4   m 14 s
    5   m 7 o
    6   m 11 w


Turn 166
================================================================
warning: entity 9 was directed to use 9 halite to move south, but only 5 halite was available
At command 2 of 5:
    1   m 11 s
>>> 2   m 9 s
    3   m 12 o
    4   m 14 n


Turn 167
================================================================
warning: entity 11 was directed to use 8 halite to move east, but only 1 halite was available
At command 1 of 5:
>>> 1   m 11 e
    2   m 9 e
    3   m 12 e


Turn 169
================================================================
warning: entity 14 was directed to use 6 halite to move west, but only 5 halite was available
At command 4 of 5:
    2   m 12 e
    3   m 11 w
>>> 4   m 14 w
    5   m 7 o


Turn 173
================================================================
warning: entity 9 was directed to use 7 halite to move west, but only 3 halite was available
At command 1 of 5:
>>> 1   m 9 w
    2   m 11 e
    3   m 12 s


Turn 174
================================================================
warning: entity 14 was directed to use 9 halite to move west, but only 5 halite was available
At command 4 of 5:
    2   m 12 s
    3   m 9 n
>>> 4   m 14 w
    5   m 7 s


Turn 175
================================================================
warning: entity 11 was directed to use 1 halite to move south, but only 0 halite was available
At command 1 of 5:
>>> 1   m 11 s
    2   m 12 e
    3   m 9 e


Turn 179
================================================================
warning: entity 11 was directed to use 2 halite to move west, but only 1 halite was available
At command 1 of 5:
>>> 1   m 11 w
    2   m 9 w
    3   m 12 w

warning: entity 9 was directed to use 5 halite to move west, but only 1 halite was available
At command 2 of 5:
    1   m 11 w
>>> 2   m 9 w
    3   m 12 w
    4   m 7 o


Turn 182
================================================================
warning: entity 11 was directed to use 1 halite to move west, but only 0 halite was available
At command 1 of 5:
>>> 1   m 11 w
    2   m 12 s
    3   m 9 w


Turn 183
================================================================
warning: entity 9 was directed to use 5 halite to move north, but only 3 halite was available
At command 2 of 5:
    1   m 12 o
>>> 2   m 9 n
    3   m 7 s
    4   m 14 n


Turn 185
================================================================
warning: entity 11 was directed to use 5 halite to move north, but only 2 halite was available
At command 3 of 5:
    1   m 14 s
    2   m 7 s
>>> 3   m 11 n
    4   m 9 e
    5   m 12 n


Turn 188
================================================================
warning: entity 7 was directed to use 6 halite to move west, but only 0 halite was available
At command 1 of 6:
>>> 1   m 7 w
    2   m 14 s
    3   m 16 e


Turn 189
================================================================
warning: entity 9 was directed to use 1 halite to move north, but only 0 halite was available
At command 3 of 6:
    1   m 12 s
    2   m 16 w
>>> 3   m 9 n
    4   m 11 s
    5   m 14 n

warning: entity 11 was directed to use 6 halite to move south, but only 3 halite was available
At command 4 of 6:
    2   m 16 w
    3   m 9 n
>>> 4   m 11 s
    5   m 14 n
    6   m 7 s


Turn 192
================================================================
warning: entity 16 was directed to use 2 halite to move south, but only 0 halite was available
At command 5 of 6:
    3   m 7 s
    4   m 14 o
>>> 5   m 16 s
    6   m 9 n

warning: entity 9 was directed to use 4 halite to move north, but only 3 halite was available
At command 6 of 6:
    4   m 14 o
    5   m 16 s
>>> 6   m 9 n


Turn 193
================================================================
warning: entity 11 was directed to use 8 halite to move south, but only 6 halite was available
At command 1 of 6:
>>> 1   m 11 s
    2   m 12 e
    3   m 7 w


Turn 195
================================================================
warning: entity 16 was directed to use 1 halite to move north, but only 0 halite was available
At command 3 of 6:
    1   m 12 w
    2   m 11 w
>>> 3   m 16 n
    4   m 9 s
    5   m 7 n

warning: entity 7 was directed to use 5 halite to move north, but only 4 halite was available
At command 5 of 6:
    3   m 16 n
    4   m 9 s
>>> 5   m 7 n
    6   m 14 o


Turn 198
================================================================
warning: entity 11 was directed to use 9 halite to move west, but only 2 halite was available
At command 1 of 6:
>>> 1   m 11 w
    2   m 12 n
    3   m 9 n


Turn 199
================================================================
warning: entity 9 was directed to use 6 halite to move south, but only 1 halite was available
At command 2 of 6:
    1   m 12 s
>>> 2   m 9 s
    3   m 16 w
    4   m 7 s

warning: entity 16 was directed to use 2 halite to move west, but only 1 halite was available
At command 3 of 6:
    1   m 12 s
    2   m 9 s
>>> 3   m 16 w
    4   m 7 s
    5   m 14 e


Turn 202
================================================================
warning: entity 16 was directed to use 4 halite to move east, but only 3 halite was available
At command 4 of 6:
    2   m 11 n
    3   m 9 e
>>> 4   m 16 e
    5   m 14 w
    6   m 7 o


Turn 203
================================================================
warning: entity 9 was directed to use 9 halite to move north, but only 2 halite was available
At command 3 of 6:
    1   m 11 s
    2   m 12 e
>>> 3   m 9 n
    4   m 16 s
    5   m 14 s


Turn 205
================================================================
warning: entity 16 was directed to use 9 halite to move south, but only 4 halite was available
At command 4 of 6:
    2   m 7 n
    3   m 14 w
>>> 4   m 16 s
    5   m 9 s
    6   m 12 o


Turn 208
================================================================
warning: entity 9 was directed to use 6 halite to move east, but only 3 halite was available
At command 5 of 6:
    3   m 14 n
    4   m 12 o
>>> 5   m 9 e
    6   m 16 o


Turn 211
================================================================
warning: entity 11 was directed to use 8 halite to move east, but only 7 halite was available
At command 4 of 6:
    2   m 14 w
    3   m 12 o
>>> 4   m 11 e
    5   m 9 w
    6   m 16 o


Turn 213
================================================================
warning: entity 9 was directed to use 4 halite to move east, but only 3 halite was available
At command 5 of 6:
    3   m 14 w
    4   m 12 o
>>> 5   m 9 e
    6   m 16 s


Turn 216
================================================================
warning: entity 11 was directed to use 5 halite to move north, but only 3 halite was available
At command 1 of 6:
>>> 1   m 11 n
    2   m 7 w
    3   m 14 e


Turn 218
================================================================
warning: entity 9 was directed to use 3 halite to move south, but only 0 halite was available
At command 5 of 6:
    3   m 11 n
    4   m 16 o
>>> 5   m 9 s
    6   m 12 w


Turn 219
================================================================
warning: entity 7 was directed to use 7 halite to move west, but only 5 halite was available
At command 2 of 6:
    1   m 14 w
>>> 2   m 7 w
    3   m 12 o
    4   m 11 e


Turn 220
================================================================
warning: entity 11 was directed to use 8 halite to move south, but only 1 halite was available
At command 1 of 6:
>>> 1   m 11 s
    2   m 14 w
    3   m 7 s


Turn 223
================================================================
warning: entity 9 was directed to use 5 halite to move north, but only 0 halite was available
At command 3 of 6:
    1   m 11 n
    2   m 12 o
>>> 3   m 9 n
    4   m 16 o
    5   m 7 o


Turn 226
================================================================
warning: entity 9 was directed to use 6 halite to move east, but only 4 halite was available
At command 3 of 6:
    1   m 11 w
    2   m 12 n
>>> 3   m 9 e
    4   m 16 o
    5   m 14 s


Turn 231
================================================================
warning: entity 9 was directed to use 8 halite to move south, but only 0 halite was available
At command 5 of 6:
    3   m 14 w
    4   m 7 o
>>> 5   m 9 s
    6   m 16 o


Turn 232
================================================================
warning: entity 11 was directed to use 4 halite to move east, but only 1 halite was available
At command 1 of 6:
>>> 1   m 11 e
    2   m 12 o
    3   m 14 e


Turn 236
================================================================
warning: entity 11 was directed to use 4 halite to move east, but only 3 halite was available
At command 1 of 6:
>>> 1   m 11 e
    2   m 14 n
    3   m 7 w

warning: entity 9 was directed to use 5 halite to move west, but only 1 halite was available
At command 4 of 6:
    2   m 14 n
    3   m 7 w
>>> 4   m 9 w
    5   m 16 n
    6   m 12 o


Turn 243
================================================================
warning: entity 16 was directed to use 1 halite to move east, but only 0 halite was available
At command 5 of 6:
    3   m 7 o
    4   m 14 o
>>> 5   m 16 e
    6   m 9 o


Turn 248
================================================================
warning: entity 11 was directed to use 3 halite to move east, but only 0 halite was available
At command 1 of 6:
>>> 1   m 11 e
    2   m 9 e
    3   m 16 s

warning: entity 16 was directed to use 2 halite to move south, but only 1 halite was available
At command 3 of 6:
    1   m 11 e
    2   m 9 e
>>> 3   m 16 s
    4   m 12 o
    5   m 7 s


Turn 251
================================================================
warning: entity 11 was directed to use 8 halite to move south, but only 0 halite was available
At command 1 of 5:
>>> 1   m 11 s
    2   m 12 o
    3   m 7 w


Turn 266
================================================================
warning: entity 12 was directed to use 1 halite to move north, but only 0 halite was available
At command 2 of 5:
    1   m 11 w
>>> 2   m 12 n
    3   m 14 s
    4   m 7 e


Turn 272
================================================================
warning: entity 12 was directed to use 1 halite to move north, but only 0 halite was available
At command 3 of 5:
    1   m 14 e
    2   m 7 n
>>> 3   m 12 n
    4   m 11 e
    5   m 9 o


Turn 274
================================================================
warning: entity 11 was directed to use 3 halite to move south, but only 1 halite was available
At command 3 of 5:
    1   m 7 e
    2   m 14 s
>>> 3   m 11 s
    4   m 12 n
    5   m 9 s


Turn 275
================================================================
warning: entity 12 was directed to use 8 halite to move north, but only 1 halite was available
At command 1 of 5:
>>> 1   m 12 n
    2   m 7 s
    3   m 14 n


Turn 279
================================================================
warning: entity 11 was directed to use 2 halite to move east, but only 0 halite was available
At command 1 of 5:
>>> 1   m 11 e
    2   m 9 s
    3   m 7 o


Turn 282
================================================================
warning: entity 11 was directed to use 5 halite to move east, but only 3 halite was available
At command 2 of 5:
    1   m 9 s
>>> 2   m 11 e
    3   m 14 s
    4   m 7 o


Turn 286
================================================================
warning: entity 11 was directed to use 3 halite to move west, but only 1 halite was available
At command 1 of 5:
>>> 1   m 11 w
    2   m 12 n
    3   m 9 e


Turn 290
================================================================
warning: entity 9 was directed to use 3 halite to move west, but only 0 halite was available
At command 4 of 5:
    2   m 7 w
    3   m 14 e
>>> 4   m 9 w
    5   m 12 s


Turn 291
================================================================
warning: entity 11 was directed to use 4 halite to move west, but only 0 halite was available
At command 1 of 5:
>>> 1   m 11 w
    2   m 7 e
    3   m 14 n


Turn 294
================================================================
warning: entity 12 was directed to use 6 halite to move south, but only 5 halite was available
At command 5 of 5:
    3   m 7 e
    4   m 14 w
>>> 5   m 12 s


Turn 295
================================================================
warning: entity 9 was directed to use 2 halite to move east, but only 1 halite was available
At command 2 of 5:
    1   m 11 e
>>> 2   m 9 e
    3   m 7 n
    4   m 14 s


Turn 298
================================================================
warning: entity 12 was directed to use 7 halite to move east, but only 4 halite was available
At command 4 of 5:
    2   m 7 e
    3   m 14 s
>>> 4   m 12 e
    5   m 9 s

warning: entity 9 was directed to use 2 halite to move south, but only 0 halite was available
At command 5 of 5:
    3   m 14 s
    4   m 12 e
>>> 5   m 9 s


Turn 300
================================================================
warning: entity 9 was directed to use 7 halite to move east, but only 5 halite was available
At command 3 of 5:
    1   m 12 n
    2   m 11 s
>>> 3   m 9 e
    4   m 7 w
    5   m 14 o


Turn 301
================================================================
warning: entity 11 was directed to use 7 halite to move west, but only 5 halite was available
At command 2 of 5:
    1   m 12 e
>>> 2   m 11 w
    3   m 9 s
    4   m 7 e


Turn 303
================================================================
warning: entity 12 was directed to use 9 halite to move west, but only 0 halite was available
At command 1 of 5:
>>> 1   m 12 w
    2   m 9 e
    3   m 11 e


Turn 304
================================================================
warning: entity 9 was directed to use 7 halite to move north, but only 2 halite was available
At command 1 of 5:
>>> 1   m 9 n
    2   m 11 n
    3   m 12 e


Turn 306
================================================================
warning: entity 11 was directed to use 6 halite to move south, but only 1 halite was available
At command 3 of 5:
    1   m 9 s
    2   m 12 o
>>> 3   m 11 s
    4   m 7 e
    5   m 14 o


Turn 308
================================================================
warning: entity 9 was directed to use 8 halite to move west, but only 6 halite was available
At command 1 of 5:
>>> 1   m 9 w
    2   m 12 w
    3   m 11 n

warning: entity 7 was directed to use 8 halite to move east, but only 0 halite was available
At command 4 of 5:
    2   m 12 w
    3   m 11 n
>>> 4   m 7 e
    5   m 14 o


Turn 312
================================================================
warning: entity 12 was directed to use 9 halite to move south, but only 6 halite was available
At command 1 of 5:
>>> 1   m 12 s
    2   m 11 s
    3   m 9 w

warning: entity 9 was directed to use 8 halite to move west, but only 7 halite was available
At command 3 of 5:
    1   m 12 s
    2   m 11 s
>>> 3   m 9 w
    4   m 7 n
    5   m 14 s

warning: entity 7 was directed to use 8 halite to move north, but only 2 halite was available
At command 4 of 5:
    2   m 11 s
    3   m 9 w
>>> 4   m 7 n
    5   m 14 s


Turn 317
================================================================
warning: entity 12 was directed to use 7 halite to move south, but only 4 halite was available
At command 2 of 5:
    1   m 9 s
>>> 2   m 12 s
    3   m 11 w
    4   m 14 s

warning: entity 11 was directed to use 4 halite to move west, but only 1 halite was available
At command 3 of 5:
    1   m 9 s
    2   m 12 s
>>> 3   m 11 w
    4   m 14 s
    5   m 7 e


Turn 318
================================================================
warning: entity 7 was directed to use 1 halite to move east, but only 0 halite was available
At command 3 of 5:
    1   m 9 o
    2   m 14 s
>>> 3   m 7 e
    4   m 12 n
    5   m 11 n


Turn 321
================================================================
warning: entity 7 was directed to use 3 halite to move north, but only 2 halite was available
At command 3 of 5:
    1   m 11 w
    2   m 14 n
>>> 3   m 7 n
    4   m 12 o
    5   m 9 o


Turn 330
================================================================
warning: entity 7 was directed to use 6 halite to move north, but only 1 halite was available
At command 3 of 5:
    1   m 11 n
    2   m 14 o
>>> 3   m 7 n
    4   m 9 w
    5   m 12 o


Turn 334
================================================================
warning: entity 11 was directed to use 2 halite to move south, but only 0 halite was available
At command 1 of 5:
>>> 1   m 11 s
    2   m 9 n
    3   m 7 w

warning: entity 7 was directed to use 6 halite to move west, but only 1 halite was available
At command 3 of 5:
    1   m 11 s
    2   m 9 n
>>> 3   m 7 w
    4   m 14 s
    5   m 12 o


Turn 339
================================================================
warning: entity 7 was directed to use 4 halite to move south, but only 2 halite was available
At command 4 of 5:
    2   m 11 w
    3   m 14 w
>>> 4   m 7 s
    5   m 12 w


Turn 340
================================================================
warning: entity 11 was directed to use 2 halite to move east, but only 1 halite was available
At command 2 of 5:
    1   m 9 w
>>> 2   m 11 e
    3   m 12 e
    4   m 14 n


Turn 343
================================================================
warning: entity 7 was directed to use 9 halite to move west, but only 0 halite was available
At command 3 of 5:
    1   m 12 o
    2   m 9 w
>>> 3   m 7 w
    4   m 14 o
    5   m 11 n

warning: entity 11 was directed to use 1 halite to move north, but only 0 halite was available
At command 5 of 5:
    3   m 7 w
    4   m 14 o
>>> 5   m 11 n


Turn 347
================================================================
warning: entity 11 was directed to use 5 halite to move west, but only 2 halite was available
At command 2 of 5:
    1   m 9 e
>>> 2   m 11 w
    3   m 7 w
    4   m 14 n


Turn 349
================================================================
warning: entity 7 was directed to use 3 halite to move south, but only 1 halite was available
At command 4 of 5:
    2   m 12 e
    3   m 14 o
>>> 4   m 7 s
    5   m 11 n


Turn 353
================================================================
warning: entity 7 was directed to use 4 halite to move south, but only 1 halite was available
At command 4 of 5:
    2   m 11 e
    3   m 12 e
>>> 4   m 7 s
    5   m 14 n


Turn 354
================================================================
warning: entity 11 was directed to use 2 halite to move east, but only 0 halite was available
At command 2 of 5:
    1   m 9 s
>>> 2   m 11 e
    3   m 12 e
    4   m 14 n


Turn 361
================================================================
warning: entity 11 was directed to use 6 halite to move south, but only 1 halite was available
At command 4 of 5:
    2   m 7 n
    3   m 14 n
>>> 4   m 11 s
    5   m 9 n


Turn 365
================================================================
warning: entity 11 was directed to use 5 halite to move north, but only 0 halite was available
At command 1 of 5:
>>> 1   m 11 n
    2   m 12 e
    3   m 9 e

warning: entity 7 was directed to use 4 halite to move north, but only 1 halite was available
At command 4 of 5:
    2   m 12 e
    3   m 9 e
>>> 4   m 7 n
    5   m 14 e


Turn 370
================================================================
warning: entity 7 was directed to use 1 halite to move north, but only 0 halite was available
At command 4 of 5:
    2   m 12 w
    3   m 14 n
>>> 4   m 7 n
    5   m 11 w


Turn 373
================================================================
warning: entity 14 was directed to use 2 halite to move east, but only 0 halite was available
At command 3 of 5:
    1   m 11 o
    2   m 12 s
>>> 3   m 14 e
    4   m 7 s
    5   m 9 o


Turn 374
================================================================
warning: entity 7 was directed to use 1 halite to move south, but only 0 halite was available
At command 3 of 5:
    1   m 12 n
    2   m 11 s
>>> 3   m 7 s
    4   m 14 n
    5   m 9 o


Turn 376
================================================================
warning: entity 7 was directed to use 5 halite to move west, but only 3 halite was available
At command 4 of 5:
    2   m 11 e
    3   m 14 e
>>> 4   m 7 w
    5   m 9 w


Turn 382
================================================================
warning: entity 14 was directed to use 2 halite to move east, but only 0 halite was available
At command 3 of 5:
    1   m 12 e
    2   m 11 w
>>> 3   m 14 e
    4   m 7 n
    5   m 9 n


Turn 386
================================================================
warning: entity 14 was directed to use 6 halite to move south, but only 1 halite was available
At command 4 of 5:
    2   m 11 w
    3   m 7 e
>>> 4   m 14 s
    5   m 9 o


Turn 387
================================================================
warning: entity 7 was directed to use 3 halite to move north, but only 1 halite was available
At command 3 of 5:
    1   m 12 w
    2   m 11 w
>>> 3   m 7 n
    4   m 14 w
    5   m 9 w


Turn 392
================================================================
warning: entity 7 was directed to use 2 halite to move west, but only 1 halite was available
At command 1 of 5:
>>> 1   m 7 w
    2   m 14 w
    3   m 12 s

warning: entity 14 was directed to use 4 halite to move west, but only 3 halite was available
At command 2 of 5:
    1   m 7 w
>>> 2   m 14 w
    3   m 12 s
    4   m 11 e


Turn 395
================================================================
warning: entity 7 was directed to use 9 halite to move north, but only 1 halite was available
At command 3 of 5:
    1   m 11 n
    2   m 12 n
>>> 3   m 7 n
    4   m 14 w
    5   m 9 o


Turn 397
================================================================
warning: entity 14 was directed to use 4 halite to move west, but only 2 halite was available
At command 4 of 5:
    2   m 12 w
    3   m 7 s
>>> 4   m 14 w
    5   m 9 o


Turn 400
================================================================
warning: entity 7 was directed to use 9 halite to move south, but only 4 halite was available
At command 3 of 5:
    1   m 12 n
    2   m 11 e
>>> 3   m 7 s
    4   m 14 n
    5   m 9 o

